#
# There is insufficient memory for the Java Runtime Environment to continue.
# Native memory allocation (malloc) failed to allocate 1072896 bytes for Chunk::new
# Possible reasons:
#   The system is out of physical RAM or swap space
#   The process is running with CompressedOops enabled, and the Java Heap may be blocking the growth of the native heap
# Possible solutions:
#   Reduce memory load on the system
#   Increase physical memory or swap space
#   Check if swap backing store is full
#   Decrease Java heap size (-Xmx/-Xms)
#   Decrease number of Java threads
#   Decrease Java thread stack sizes (-Xss)
#   Set larger code cache with -XX:ReservedCodeCacheSize=
#   JVM is running with Unscaled Compressed Oops mode in which the Java heap is
#     placed in the first 4GB address space. The Java Heap base address is the
#     maximum limit for the native heap growth. Please use -XX:HeapBaseMinAddress
#     to set the Java Heap base and to place the Java Heap above 4GB virtual address.
# This output file may be truncated or incomplete.
#
#  Out of Memory Error (./open/src/hotspot/share/memory/arena.cpp:195), pid=4476, tid=9104
#
# JRE version: Java(TM) SE Runtime Environment (14.0.2+12) (build 14.0.2+12-46)
# Java VM: Java HotSpot(TM) 64-Bit Server VM (14.0.2+12-46, mixed mode, sharing, tiered, compressed oops, g1 gc, windows-amd64)
# No core dump will be written. Minidumps are not enabled by default on client versions of Windows
#

---------------  S U M M A R Y ------------

Command Line: bookstore5.jar

Host: Intel(R) Core(TM) i7-8650U CPU @ 1.90GHz, 8 cores, 7G,  Windows 10 , 64 bit Build 19041 (10.0.19041.1023)
Time: Wed Jul 21 17:55:12 2021 Eastern Daylight Time elapsed time: 2 seconds (0d 0h 0m 2s)

---------------  T H R E A D  ---------------

Current thread (0x000002247b3a7000):  JavaThread "C2 CompilerThread2" daemon [_thread_in_native, id=9104, stack(0x000000631f700000,0x000000631f800000)]


Current CompileTask:
C2:   2052 2121   !   4       jdk.internal.loader.BuiltinClassLoader::loadClassOrNull (143 bytes)

Stack: [0x000000631f700000,0x000000631f800000]
Native frames: (J=compiled Java code, j=interpreted, Vv=VM code, C=native code)
V  [jvm.dll+0x5f8a9a]
V  [jvm.dll+0x74247a]
V  [jvm.dll+0x743c2f]
V  [jvm.dll+0x744273]
V  [jvm.dll+0x20d288]
V  [jvm.dll+0xabb07]
V  [jvm.dll+0xac1fc]
V  [jvm.dll+0x276db4]
V  [jvm.dll+0x50cffa]
V  [jvm.dll+0x1ee1da]
V  [jvm.dll+0x1e7cfb]
V  [jvm.dll+0x1e4f98]
V  [jvm.dll+0x1779cc]
V  [jvm.dll+0x1f4105]
V  [jvm.dll+0x1f22eb]
V  [jvm.dll+0x7070cd]
V  [jvm.dll+0x6ffeda]
V  [jvm.dll+0x5f78f6]
C  [ucrtbase.dll+0x21bb2]
C  [KERNEL32.DLL+0x17034]
C  [ntdll.dll+0x52651]


---------------  P R O C E S S  ---------------

Threads class SMR info:
_java_thread_list=0x000002247cae4450, length=14, elements={
0x000002245b669800, 0x000002247a6d2800, 0x000002247a6d3800, 0x000002247a6f2800,
0x000002247a6f5800, 0x000002247a6f6800, 0x000002247a701000, 0x000002247a705800,
0x000002247a709800, 0x000002247b143000, 0x000002247b155800, 0x000002247b395000,
0x000002247b3a7000, 0x000002247c92b800
}

Java Threads: ( => current thread )
  0x000002245b669800 JavaThread "main" [_thread_in_vm, id=13772, stack(0x000000631e400000,0x000000631e500000)]
  0x000002247a6d2800 JavaThread "Reference Handler" daemon [_thread_blocked, id=17484, stack(0x000000631eb00000,0x000000631ec00000)]
  0x000002247a6d3800 JavaThread "Finalizer" daemon [_thread_blocked, id=16584, stack(0x000000631ec00000,0x000000631ed00000)]
  0x000002247a6f2800 JavaThread "Signal Dispatcher" daemon [_thread_blocked, id=17040, stack(0x000000631ed00000,0x000000631ee00000)]
  0x000002247a6f5800 JavaThread "Attach Listener" daemon [_thread_blocked, id=19444, stack(0x000000631ee00000,0x000000631ef00000)]
  0x000002247a6f6800 JavaThread "Service Thread" daemon [_thread_blocked, id=13148, stack(0x000000631ef00000,0x000000631f000000)]
  0x000002247a701000 JavaThread "C2 CompilerThread0" daemon [_thread_blocked, id=6180, stack(0x000000631f000000,0x000000631f100000)]
  0x000002247a705800 JavaThread "C1 CompilerThread0" daemon [_thread_blocked, id=21468, stack(0x000000631f100000,0x000000631f200000)]
  0x000002247a709800 JavaThread "Sweeper thread" daemon [_thread_blocked, id=1660, stack(0x000000631f200000,0x000000631f300000)]
  0x000002247b143000 JavaThread "Notification Thread" daemon [_thread_blocked, id=9536, stack(0x000000631f300000,0x000000631f400000)]
  0x000002247b155800 JavaThread "Common-Cleaner" daemon [_thread_blocked, id=17588, stack(0x000000631f500000,0x000000631f600000)]
  0x000002247b395000 JavaThread "C2 CompilerThread1" daemon [_thread_in_native, id=11920, stack(0x000000631f600000,0x000000631f700000)]
=>0x000002247b3a7000 JavaThread "C2 CompilerThread2" daemon [_thread_in_native, id=9104, stack(0x000000631f700000,0x000000631f800000)]
  0x000002247c92b800 JavaThread "background-preinit" [_thread_in_Java, id=6300, stack(0x000000631fa00000,0x000000631fb00000)]

Other Threads:
  0x000002247a6d1800 VMThread "VM Thread" [stack: 0x000000631ea00000,0x000000631eb00000] [id=17940] _threads_hazard_ptr=0x000002247cae4450
  0x000002247b154800 WatcherThread [stack: 0x000000631f400000,0x000000631f500000] [id=10356]
  0x000002245b6ae800 GCTaskThread "GC Thread#0" [stack: 0x000000631e500000,0x000000631e600000] [id=18812]
  0x000002247b519800 GCTaskThread "GC Thread#1" [stack: 0x000000631f800000,0x000000631f900000] [id=15640]
  0x000002247b51a800 GCTaskThread "GC Thread#2" [stack: 0x000000631f900000,0x000000631fa00000] [id=5232]
  0x000002247c419000 GCTaskThread "GC Thread#3" [stack: 0x000000631fb00000,0x000000631fc00000] [id=14776]
  0x000002245b6bf800 ConcurrentGCThread "G1 Main Marker" [stack: 0x000000631e600000,0x000000631e700000] [id=18876]
  0x000002245b6c2800 ConcurrentGCThread "G1 Conc#0" [stack: 0x000000631e700000,0x000000631e800000] [id=18848]
  0x000002245b74e000 ConcurrentGCThread "G1 Refine#0" [stack: 0x000000631e800000,0x000000631e900000] [id=20396]
  0x000002247a545800 ConcurrentGCThread "G1 Young RemSet Sampling" [stack: 0x000000631e900000,0x000000631ea00000] [id=16272]

Threads with active compile tasks:
C2 CompilerThread0     2100 2221   !   4       jdk.internal.loader.URLClassPath$Loader::findResource (108 bytes)
C1 CompilerThread0     2100 2298       3       java.util.concurrent.locks.AbstractQueuedSynchronizer::signalNext (34 bytes)
C2 CompilerThread1     2100 2220   !   4       org.apache.tomcat.util.IntrospectionUtils::setProperty (736 bytes)
C2 CompilerThread2     2100 2121   !   4       jdk.internal.loader.BuiltinClassLoader::loadClassOrNull (143 bytes)

VM state:synchronizing (normal execution)

VM Mutex/Monitor currently owned by a thread:  ([mutex/lock_event])
[0x000002245b658830] Threads_lock - owner thread: 0x000002247a6d1800

Heap address: 0x0000000081400000, size: 2028 MB, Compressed Oops mode: 32-bit
Narrow klass base: 0x0000000800000000, Narrow klass shift: 3
Compressed class space size: 1073741824 Address: 0x0000000800b30000

Heap:
 garbage-first heap   total 131072K, used 76506K [0x0000000081400000, 0x0000000100000000)
  region size 1024K, 76 young (77824K), 6 survivors (6144K)
 Metaspace       used 19785K, capacity 20320K, committed 20480K, reserved 1067008K
  class space    used 2483K, capacity 2700K, committed 2816K, reserved 1048576K
Heap Regions: E=young(eden), S=young(survivor), O=old, HS=humongous(starts), HC=humongous(continues), CS=collection set, F=free, OA=open archive, CA=closed archive, TAMS=top-at-mark-start (previous, next)
|   0|0x0000000081400000, 0x0000000081400000, 0x0000000081500000|  0%| F|  |TAMS 0x0000000081400000, 0x0000000081400000| Untracked 
|   1|0x0000000081500000, 0x0000000081500000, 0x0000000081600000|  0%| F|  |TAMS 0x0000000081500000, 0x0000000081500000| Untracked 
|   2|0x0000000081600000, 0x0000000081600000, 0x0000000081700000|  0%| F|  |TAMS 0x0000000081600000, 0x0000000081600000| Untracked 
|   3|0x0000000081700000, 0x0000000081700000, 0x0000000081800000|  0%| F|  |TAMS 0x0000000081700000, 0x0000000081700000| Untracked 
|   4|0x0000000081800000, 0x0000000081800000, 0x0000000081900000|  0%| F|  |TAMS 0x0000000081800000, 0x0000000081800000| Untracked 
|   5|0x0000000081900000, 0x0000000081900000, 0x0000000081a00000|  0%| F|  |TAMS 0x0000000081900000, 0x0000000081900000| Untracked 
|   6|0x0000000081a00000, 0x0000000081a00000, 0x0000000081b00000|  0%| F|  |TAMS 0x0000000081a00000, 0x0000000081a00000| Untracked 
|   7|0x0000000081b00000, 0x0000000081b00000, 0x0000000081c00000|  0%| F|  |TAMS 0x0000000081b00000, 0x0000000081b00000| Untracked 
|   8|0x0000000081c00000, 0x0000000081c00000, 0x0000000081d00000|  0%| F|  |TAMS 0x0000000081c00000, 0x0000000081c00000| Untracked 
|   9|0x0000000081d00000, 0x0000000081d00000, 0x0000000081e00000|  0%| F|  |TAMS 0x0000000081d00000, 0x0000000081d00000| Untracked 
|  10|0x0000000081e00000, 0x0000000081e00000, 0x0000000081f00000|  0%| F|  |TAMS 0x0000000081e00000, 0x0000000081e00000| Untracked 
|  11|0x0000000081f00000, 0x0000000081f00000, 0x0000000082000000|  0%| F|  |TAMS 0x0000000081f00000, 0x0000000081f00000| Untracked 
|  12|0x0000000082000000, 0x0000000082000000, 0x0000000082100000|  0%| F|  |TAMS 0x0000000082000000, 0x0000000082000000| Untracked 
|  13|0x0000000082100000, 0x0000000082100000, 0x0000000082200000|  0%| F|  |TAMS 0x0000000082100000, 0x0000000082100000| Untracked 
|  14|0x0000000082200000, 0x0000000082200000, 0x0000000082300000|  0%| F|  |TAMS 0x0000000082200000, 0x0000000082200000| Untracked 
|  15|0x0000000082300000, 0x0000000082300000, 0x0000000082400000|  0%| F|  |TAMS 0x0000000082300000, 0x0000000082300000| Untracked 
|  16|0x0000000082400000, 0x0000000082400000, 0x0000000082500000|  0%| F|  |TAMS 0x0000000082400000, 0x0000000082400000| Untracked 
|  17|0x0000000082500000, 0x0000000082500000, 0x0000000082600000|  0%| F|  |TAMS 0x0000000082500000, 0x0000000082500000| Untracked 
|  18|0x0000000082600000, 0x0000000082600000, 0x0000000082700000|  0%| F|  |TAMS 0x0000000082600000, 0x0000000082600000| Untracked 
|  19|0x0000000082700000, 0x0000000082700000, 0x0000000082800000|  0%| F|  |TAMS 0x0000000082700000, 0x0000000082700000| Untracked 
|  20|0x0000000082800000, 0x0000000082800000, 0x0000000082900000|  0%| F|  |TAMS 0x0000000082800000, 0x0000000082800000| Untracked 
|  21|0x0000000082900000, 0x0000000082900000, 0x0000000082a00000|  0%| F|  |TAMS 0x0000000082900000, 0x0000000082900000| Untracked 
|  22|0x0000000082a00000, 0x0000000082a00000, 0x0000000082b00000|  0%| F|  |TAMS 0x0000000082a00000, 0x0000000082a00000| Untracked 
|  23|0x0000000082b00000, 0x0000000082b00000, 0x0000000082c00000|  0%| F|  |TAMS 0x0000000082b00000, 0x0000000082b00000| Untracked 
|  24|0x0000000082c00000, 0x0000000082c00000, 0x0000000082d00000|  0%| F|  |TAMS 0x0000000082c00000, 0x0000000082c00000| Untracked 
|  25|0x0000000082d00000, 0x0000000082d00000, 0x0000000082e00000|  0%| F|  |TAMS 0x0000000082d00000, 0x0000000082d00000| Untracked 
|  26|0x0000000082e00000, 0x0000000082e00000, 0x0000000082f00000|  0%| F|  |TAMS 0x0000000082e00000, 0x0000000082e00000| Untracked 
|  27|0x0000000082f00000, 0x0000000082f00000, 0x0000000083000000|  0%| F|  |TAMS 0x0000000082f00000, 0x0000000082f00000| Untracked 
|  28|0x0000000083000000, 0x0000000083000000, 0x0000000083100000|  0%| F|  |TAMS 0x0000000083000000, 0x0000000083000000| Untracked 
|  29|0x0000000083100000, 0x0000000083100000, 0x0000000083200000|  0%| F|  |TAMS 0x0000000083100000, 0x0000000083100000| Untracked 
|  30|0x0000000083200000, 0x0000000083200000, 0x0000000083300000|  0%| F|  |TAMS 0x0000000083200000, 0x0000000083200000| Untracked 
|  31|0x0000000083300000, 0x0000000083300000, 0x0000000083400000|  0%| F|  |TAMS 0x0000000083300000, 0x0000000083300000| Untracked 
|  32|0x0000000083400000, 0x0000000083400000, 0x0000000083500000|  0%| F|  |TAMS 0x0000000083400000, 0x0000000083400000| Untracked 
|  33|0x0000000083500000, 0x0000000083500000, 0x0000000083600000|  0%| F|  |TAMS 0x0000000083500000, 0x0000000083500000| Untracked 
|  34|0x0000000083600000, 0x0000000083600000, 0x0000000083700000|  0%| F|  |TAMS 0x0000000083600000, 0x0000000083600000| Untracked 
|  35|0x0000000083700000, 0x0000000083700000, 0x0000000083800000|  0%| F|  |TAMS 0x0000000083700000, 0x0000000083700000| Untracked 
|  36|0x0000000083800000, 0x0000000083800000, 0x0000000083900000|  0%| F|  |TAMS 0x0000000083800000, 0x0000000083800000| Untracked 
|  37|0x0000000083900000, 0x0000000083900000, 0x0000000083a00000|  0%| F|  |TAMS 0x0000000083900000, 0x0000000083900000| Untracked 
|  38|0x0000000083a00000, 0x0000000083a00000, 0x0000000083b00000|  0%| F|  |TAMS 0x0000000083a00000, 0x0000000083a00000| Untracked 
|  39|0x0000000083b00000, 0x0000000083b00000, 0x0000000083c00000|  0%| F|  |TAMS 0x0000000083b00000, 0x0000000083b00000| Untracked 
|  40|0x0000000083c00000, 0x0000000083c00000, 0x0000000083d00000|  0%| F|  |TAMS 0x0000000083c00000, 0x0000000083c00000| Untracked 
|  41|0x0000000083d00000, 0x0000000083d00000, 0x0000000083e00000|  0%| F|  |TAMS 0x0000000083d00000, 0x0000000083d00000| Untracked 
|  42|0x0000000083e00000, 0x0000000083e00000, 0x0000000083f00000|  0%| F|  |TAMS 0x0000000083e00000, 0x0000000083e00000| Untracked 
|  43|0x0000000083f00000, 0x0000000083f00000, 0x0000000084000000|  0%| F|  |TAMS 0x0000000083f00000, 0x0000000083f00000| Untracked 
|  44|0x0000000084000000, 0x0000000084000000, 0x0000000084100000|  0%| F|  |TAMS 0x0000000084000000, 0x0000000084000000| Untracked 
|  45|0x0000000084100000, 0x0000000084100000, 0x0000000084200000|  0%| F|  |TAMS 0x0000000084100000, 0x0000000084100000| Untracked 
|  46|0x0000000084200000, 0x00000000842b69c0, 0x0000000084300000| 71%| S|CS|TAMS 0x0000000084200000, 0x0000000084200000| Complete 
|  47|0x0000000084300000, 0x0000000084300000, 0x0000000084400000|  0%| F|  |TAMS 0x0000000084300000, 0x0000000084300000| Untracked 
|  48|0x0000000084400000, 0x0000000084400000, 0x0000000084500000|  0%| F|  |TAMS 0x0000000084400000, 0x0000000084400000| Untracked 
|  49|0x0000000084500000, 0x0000000084500000, 0x0000000084600000|  0%| F|  |TAMS 0x0000000084500000, 0x0000000084500000| Untracked 
|  50|0x0000000084600000, 0x0000000084600000, 0x0000000084700000|  0%| F|  |TAMS 0x0000000084600000, 0x0000000084600000| Untracked 
|  51|0x0000000084700000, 0x0000000084700000, 0x0000000084800000|  0%| F|  |TAMS 0x0000000084700000, 0x0000000084700000| Untracked 
|  52|0x0000000084800000, 0x0000000084900000, 0x0000000084900000|100%| S|CS|TAMS 0x0000000084800000, 0x0000000084800000| Complete 
|  53|0x0000000084900000, 0x0000000084a00000, 0x0000000084a00000|100%| S|CS|TAMS 0x0000000084900000, 0x0000000084900000| Complete 
|  54|0x0000000084a00000, 0x0000000084b00000, 0x0000000084b00000|100%| S|CS|TAMS 0x0000000084a00000, 0x0000000084a00000| Complete 
|  55|0x0000000084b00000, 0x0000000084c00000, 0x0000000084c00000|100%| S|CS|TAMS 0x0000000084b00000, 0x0000000084b00000| Complete 
|  56|0x0000000084c00000, 0x0000000084d00000, 0x0000000084d00000|100%| S|CS|TAMS 0x0000000084c00000, 0x0000000084c00000| Complete 
|  57|0x0000000084d00000, 0x0000000084d00000, 0x0000000084e00000|  0%| F|  |TAMS 0x0000000084d00000, 0x0000000084d00000| Untracked 
|  58|0x0000000084e00000, 0x0000000084f00000, 0x0000000084f00000|100%| E|  |TAMS 0x0000000084e00000, 0x0000000084e00000| Complete 
|  59|0x0000000084f00000, 0x0000000085000000, 0x0000000085000000|100%| E|CS|TAMS 0x0000000084f00000, 0x0000000084f00000| Complete 
|  60|0x0000000085000000, 0x0000000085100000, 0x0000000085100000|100%| E|CS|TAMS 0x0000000085000000, 0x0000000085000000| Complete 
|  61|0x0000000085100000, 0x0000000085200000, 0x0000000085200000|100%| E|CS|TAMS 0x0000000085100000, 0x0000000085100000| Complete 
|  62|0x0000000085200000, 0x0000000085300000, 0x0000000085300000|100%| E|CS|TAMS 0x0000000085200000, 0x0000000085200000| Complete 
|  63|0x0000000085300000, 0x0000000085400000, 0x0000000085400000|100%| E|CS|TAMS 0x0000000085300000, 0x0000000085300000| Complete 
|  64|0x0000000085400000, 0x0000000085500000, 0x0000000085500000|100%| E|CS|TAMS 0x0000000085400000, 0x0000000085400000| Complete 
|  65|0x0000000085500000, 0x0000000085600000, 0x0000000085600000|100%| E|CS|TAMS 0x0000000085500000, 0x0000000085500000| Complete 
|  66|0x0000000085600000, 0x0000000085700000, 0x0000000085700000|100%| E|CS|TAMS 0x0000000085600000, 0x0000000085600000| Complete 
|  67|0x0000000085700000, 0x0000000085800000, 0x0000000085800000|100%| E|CS|TAMS 0x0000000085700000, 0x0000000085700000| Complete 
|  68|0x0000000085800000, 0x0000000085900000, 0x0000000085900000|100%| E|CS|TAMS 0x0000000085800000, 0x0000000085800000| Complete 
|  69|0x0000000085900000, 0x0000000085a00000, 0x0000000085a00000|100%| E|CS|TAMS 0x0000000085900000, 0x0000000085900000| Complete 
|  70|0x0000000085a00000, 0x0000000085b00000, 0x0000000085b00000|100%| E|CS|TAMS 0x0000000085a00000, 0x0000000085a00000| Complete 
|  71|0x0000000085b00000, 0x0000000085c00000, 0x0000000085c00000|100%| E|CS|TAMS 0x0000000085b00000, 0x0000000085b00000| Complete 
|  72|0x0000000085c00000, 0x0000000085d00000, 0x0000000085d00000|100%| E|CS|TAMS 0x0000000085c00000, 0x0000000085c00000| Complete 
|  73|0x0000000085d00000, 0x0000000085e00000, 0x0000000085e00000|100%| E|CS|TAMS 0x0000000085d00000, 0x0000000085d00000| Complete 
|  74|0x0000000085e00000, 0x0000000085f00000, 0x0000000085f00000|100%| E|CS|TAMS 0x0000000085e00000, 0x0000000085e00000| Complete 
|  75|0x0000000085f00000, 0x0000000086000000, 0x0000000086000000|100%| E|CS|TAMS 0x0000000085f00000, 0x0000000085f00000| Complete 
|  76|0x0000000086000000, 0x0000000086100000, 0x0000000086100000|100%| E|CS|TAMS 0x0000000086000000, 0x0000000086000000| Complete 
|  77|0x0000000086100000, 0x0000000086200000, 0x0000000086200000|100%| E|CS|TAMS 0x0000000086100000, 0x0000000086100000| Complete 
|  78|0x0000000086200000, 0x0000000086300000, 0x0000000086300000|100%| E|CS|TAMS 0x0000000086200000, 0x0000000086200000| Complete 
|  79|0x0000000086300000, 0x0000000086400000, 0x0000000086400000|100%| E|CS|TAMS 0x0000000086300000, 0x0000000086300000| Complete 
|  80|0x0000000086400000, 0x0000000086500000, 0x0000000086500000|100%| E|CS|TAMS 0x0000000086400000, 0x0000000086400000| Complete 
|  81|0x0000000086500000, 0x0000000086600000, 0x0000000086600000|100%| E|CS|TAMS 0x0000000086500000, 0x0000000086500000| Complete 
|  82|0x0000000086600000, 0x0000000086700000, 0x0000000086700000|100%| E|CS|TAMS 0x0000000086600000, 0x0000000086600000| Complete 
|  83|0x0000000086700000, 0x0000000086800000, 0x0000000086800000|100%| E|CS|TAMS 0x0000000086700000, 0x0000000086700000| Complete 
|  84|0x0000000086800000, 0x0000000086900000, 0x0000000086900000|100%| E|CS|TAMS 0x0000000086800000, 0x0000000086800000| Complete 
|  85|0x0000000086900000, 0x0000000086a00000, 0x0000000086a00000|100%| E|CS|TAMS 0x0000000086900000, 0x0000000086900000| Complete 
|  86|0x0000000086a00000, 0x0000000086b00000, 0x0000000086b00000|100%| E|CS|TAMS 0x0000000086a00000, 0x0000000086a00000| Complete 
|  87|0x0000000086b00000, 0x0000000086c00000, 0x0000000086c00000|100%| E|CS|TAMS 0x0000000086b00000, 0x0000000086b00000| Complete 
|  88|0x0000000086c00000, 0x0000000086d00000, 0x0000000086d00000|100%| E|CS|TAMS 0x0000000086c00000, 0x0000000086c00000| Complete 
|  89|0x0000000086d00000, 0x0000000086e00000, 0x0000000086e00000|100%| E|CS|TAMS 0x0000000086d00000, 0x0000000086d00000| Complete 
|  90|0x0000000086e00000, 0x0000000086f00000, 0x0000000086f00000|100%| E|CS|TAMS 0x0000000086e00000, 0x0000000086e00000| Complete 
|  91|0x0000000086f00000, 0x0000000087000000, 0x0000000087000000|100%| E|CS|TAMS 0x0000000086f00000, 0x0000000086f00000| Complete 
|  92|0x0000000087000000, 0x0000000087100000, 0x0000000087100000|100%| E|CS|TAMS 0x0000000087000000, 0x0000000087000000| Complete 
|  93|0x0000000087100000, 0x0000000087200000, 0x0000000087200000|100%| E|CS|TAMS 0x0000000087100000, 0x0000000087100000| Complete 
|  94|0x0000000087200000, 0x0000000087300000, 0x0000000087300000|100%| E|CS|TAMS 0x0000000087200000, 0x0000000087200000| Complete 
|  95|0x0000000087300000, 0x0000000087400000, 0x0000000087400000|100%| E|CS|TAMS 0x0000000087300000, 0x0000000087300000| Complete 
|  96|0x0000000087400000, 0x0000000087500000, 0x0000000087500000|100%| E|CS|TAMS 0x0000000087400000, 0x0000000087400000| Complete 
|  97|0x0000000087500000, 0x0000000087600000, 0x0000000087600000|100%| E|CS|TAMS 0x0000000087500000, 0x0000000087500000| Complete 
|  98|0x0000000087600000, 0x0000000087700000, 0x0000000087700000|100%| E|CS|TAMS 0x0000000087600000, 0x0000000087600000| Complete 
|  99|0x0000000087700000, 0x0000000087800000, 0x0000000087800000|100%| E|CS|TAMS 0x0000000087700000, 0x0000000087700000| Complete 
| 100|0x0000000087800000, 0x0000000087900000, 0x0000000087900000|100%| E|CS|TAMS 0x0000000087800000, 0x0000000087800000| Complete 
| 101|0x0000000087900000, 0x0000000087a00000, 0x0000000087a00000|100%| E|CS|TAMS 0x0000000087900000, 0x0000000087900000| Complete 
| 102|0x0000000087a00000, 0x0000000087b00000, 0x0000000087b00000|100%| E|CS|TAMS 0x0000000087a00000, 0x0000000087a00000| Complete 
| 103|0x0000000087b00000, 0x0000000087c00000, 0x0000000087c00000|100%| E|CS|TAMS 0x0000000087b00000, 0x0000000087b00000| Complete 
| 104|0x0000000087c00000, 0x0000000087d00000, 0x0000000087d00000|100%| E|CS|TAMS 0x0000000087c00000, 0x0000000087c00000| Complete 
| 105|0x0000000087d00000, 0x0000000087e00000, 0x0000000087e00000|100%| E|CS|TAMS 0x0000000087d00000, 0x0000000087d00000| Complete 
| 106|0x0000000087e00000, 0x0000000087f00000, 0x0000000087f00000|100%| E|CS|TAMS 0x0000000087e00000, 0x0000000087e00000| Complete 
| 107|0x0000000087f00000, 0x0000000088000000, 0x0000000088000000|100%| E|CS|TAMS 0x0000000087f00000, 0x0000000087f00000| Complete 
| 108|0x0000000088000000, 0x0000000088100000, 0x0000000088100000|100%| E|CS|TAMS 0x0000000088000000, 0x0000000088000000| Complete 
| 109|0x0000000088100000, 0x0000000088200000, 0x0000000088200000|100%| E|CS|TAMS 0x0000000088100000, 0x0000000088100000| Complete 
| 110|0x0000000088200000, 0x0000000088300000, 0x0000000088300000|100%| E|CS|TAMS 0x0000000088200000, 0x0000000088200000| Complete 
| 111|0x0000000088300000, 0x0000000088400000, 0x0000000088400000|100%| E|CS|TAMS 0x0000000088300000, 0x0000000088300000| Complete 
| 112|0x0000000088400000, 0x0000000088500000, 0x0000000088500000|100%| E|CS|TAMS 0x0000000088400000, 0x0000000088400000| Complete 
| 113|0x0000000088500000, 0x0000000088600000, 0x0000000088600000|100%| E|CS|TAMS 0x0000000088500000, 0x0000000088500000| Complete 
| 114|0x0000000088600000, 0x0000000088700000, 0x0000000088700000|100%| E|CS|TAMS 0x0000000088600000, 0x0000000088600000| Complete 
| 115|0x0000000088700000, 0x0000000088800000, 0x0000000088800000|100%| E|CS|TAMS 0x0000000088700000, 0x0000000088700000| Complete 
| 116|0x0000000088800000, 0x0000000088900000, 0x0000000088900000|100%| E|CS|TAMS 0x0000000088800000, 0x0000000088800000| Complete 
| 117|0x0000000088900000, 0x0000000088a00000, 0x0000000088a00000|100%| E|CS|TAMS 0x0000000088900000, 0x0000000088900000| Complete 
| 118|0x0000000088a00000, 0x0000000088b00000, 0x0000000088b00000|100%| E|CS|TAMS 0x0000000088a00000, 0x0000000088a00000| Complete 
| 119|0x0000000088b00000, 0x0000000088c00000, 0x0000000088c00000|100%| E|CS|TAMS 0x0000000088b00000, 0x0000000088b00000| Complete 
| 120|0x0000000088c00000, 0x0000000088d00000, 0x0000000088d00000|100%| E|CS|TAMS 0x0000000088c00000, 0x0000000088c00000| Complete 
| 121|0x0000000088d00000, 0x0000000088e00000, 0x0000000088e00000|100%| E|CS|TAMS 0x0000000088d00000, 0x0000000088d00000| Complete 
| 122|0x0000000088e00000, 0x0000000088f00000, 0x0000000088f00000|100%| E|CS|TAMS 0x0000000088e00000, 0x0000000088e00000| Complete 
| 123|0x0000000088f00000, 0x0000000089000000, 0x0000000089000000|100%| E|CS|TAMS 0x0000000088f00000, 0x0000000088f00000| Complete 
| 124|0x0000000089000000, 0x0000000089100000, 0x0000000089100000|100%| E|CS|TAMS 0x0000000089000000, 0x0000000089000000| Complete 
| 125|0x0000000089100000, 0x0000000089200000, 0x0000000089200000|100%| E|CS|TAMS 0x0000000089100000, 0x0000000089100000| Complete 
| 126|0x0000000089200000, 0x0000000089300000, 0x0000000089300000|100%| E|CS|TAMS 0x0000000089200000, 0x0000000089200000| Complete 
| 127|0x0000000089300000, 0x0000000089400000, 0x0000000089400000|100%| E|CS|TAMS 0x0000000089300000, 0x0000000089300000| Complete 

Card table byte_map: [0x0000022473550000,0x0000022473950000] _byte_map_base: 0x0000022473146000

Marking Bits (Prev, Next): (CMBitMap*) 0x000002245b6af048, (CMBitMap*) 0x000002245b6af088
 Prev Bits: [0x0000022473d50000, 0x0000022475d00000)
 Next Bits: [0x0000022475d00000, 0x0000022477cb0000)

Polling page: 0x0000022459620000

Metaspace:

Usage:
  Non-class:     17.21 MB capacity,    16.90 MB ( 98%) used,   267.53 KB (  2%) free+waste,    50.31 KB ( <1%) overhead. 
      Class:      2.64 MB capacity,     2.43 MB ( 92%) used,   190.81 KB (  7%) free+waste,    25.63 KB ( <1%) overhead. 
       Both:     19.84 MB capacity,    19.32 MB ( 97%) used,   458.34 KB (  2%) free+waste,    75.94 KB ( <1%) overhead. 

Virtual space:
  Non-class space:       18.00 MB reserved,      17.25 MB ( 96%) committed 
      Class space:        1.00 GB reserved,       2.75 MB ( <1%) committed 
             Both:        1.02 GB reserved,      20.00 MB (  2%) committed 

Chunk freelists:
   Non-Class:  44.00 KB
       Class:  20.00 KB
        Both:  64.00 KB

MaxMetaspaceSize: 17179869184.00 GB
CompressedClassSpaceSize: 1.00 GB

CodeHeap 'non-profiled nmethods': size=120000Kb used=1256Kb max_used=1256Kb free=118743Kb
 bounds [0x000002246b8f0000, 0x000002246bb60000, 0x0000022472e20000]
CodeHeap 'profiled nmethods': size=120000Kb used=4821Kb max_used=4821Kb free=115178Kb
 bounds [0x00000224643c0000, 0x0000022464880000, 0x000002246b8f0000]
CodeHeap 'non-nmethods': size=5760Kb used=1223Kb max_used=1260Kb free=4536Kb
 bounds [0x0000022463e20000, 0x0000022464090000, 0x00000224643c0000]
 total_blobs=2767 nmethods=2278 adapters=401
 compilation: enabled
              stopped_count=0, restarted_count=0
 full_count=0

Compilation events (20 events):
Event: 2.017 Thread 0x000002247a705800 2222       1       java.lang.reflect.Field::getModifiers (5 bytes)
Event: 2.017 Thread 0x000002247a705800 nmethod 2222 0x000002246ba19510 code [0x000002246ba196a0, 0x000002246ba19778]
Event: 2.017 Thread 0x000002247a705800 2241       3       org.apache.tomcat.util.modeler.AttributeInfo::<init> (35 bytes)
Event: 2.018 Thread 0x000002247a705800 nmethod 2241 0x0000022464850610 code [0x00000224648507c0, 0x0000022464850af8]
Event: 2.018 Thread 0x000002247a705800 2242       3       org.apache.tomcat.util.modeler.ManagedBean::addAttribute (16 bytes)
Event: 2.018 Thread 0x000002247a705800 nmethod 2242 0x0000022464850c10 code [0x0000022464850dc0, 0x0000022464851068]
Event: 2.024 Thread 0x000002247a701000 nmethod 1810 0x000002246ba19810 code [0x000002246ba1a700, 0x000002246ba22740]
Event: 2.025 Thread 0x000002247a701000 2243       4       com.sun.org.apache.xerces.internal.impl.XMLEntityScanner::scanName (305 bytes)
Event: 2.033 Thread 0x000002247a705800 2244       3       java.util.concurrent.locks.ReentrantReadWriteLock::writeLock (5 bytes)
Event: 2.033 Thread 0x000002247a705800 nmethod 2244 0x0000022464851190 code [0x0000022464851320, 0x0000022464851458]
Event: 2.034 Thread 0x000002247a705800 2245   !   3       jdk.internal.reflect.GeneratedConstructorAccessor10::newInstance (49 bytes)
Event: 2.035 Thread 0x000002247a705800 nmethod 2245 0x0000022464851510 code [0x0000022464851720, 0x0000022464851e98]
Event: 2.035 Thread 0x000002247a705800 2246   !   3       jdk.internal.reflect.GeneratedMethodAccessor8::invoke (66 bytes)
Event: 2.036 Thread 0x000002247a705800 nmethod 2246 0x0000022464852190 code [0x00000224648523c0, 0x0000022464852d38]
Event: 2.037 Thread 0x000002247a705800 2247       3       com.sun.org.apache.xerces.internal.impl.XMLEntityScanner::skipString (122 bytes)
Event: 2.038 Thread 0x000002247a705800 nmethod 2247 0x0000022464853110 code [0x0000022464853360, 0x0000022464853d98]
Event: 2.040 Thread 0x000002247a705800 2249       3       java.util.concurrent.locks.AbstractQueuedSynchronizer::acquire (20 bytes)
Event: 2.040 Thread 0x000002247a705800 nmethod 2249 0x0000022464854210 code [0x00000224648543c0, 0x0000022464854658]
Event: 2.042 Thread 0x000002247a705800 2250       3       org.apache.tomcat.util.digester.Rule::finish (1 bytes)
Event: 2.042 Thread 0x000002247a705800 nmethod 2250 0x0000022464854710 code [0x00000224648548a0, 0x00000224648549b8]

GC Heap History (8 events):
Event: 0.295 GC heap before
{Heap before GC invocations=0 (full 0):
 garbage-first heap   total 131072K, used 23552K [0x0000000081400000, 0x0000000100000000)
  region size 1024K, 23 young (23552K), 0 survivors (0K)
 Metaspace       used 1293K, capacity 4784K, committed 4864K, reserved 1056768K
  class space    used 129K, capacity 444K, committed 512K, reserved 1048576K
}
Event: 0.298 GC heap after
{Heap after GC invocations=1 (full 0):
 garbage-first heap   total 131072K, used 2036K [0x0000000081400000, 0x0000000100000000)
  region size 1024K, 2 young (2048K), 2 survivors (2048K)
 Metaspace       used 1293K, capacity 4784K, committed 4864K, reserved 1056768K
  class space    used 129K, capacity 444K, committed 512K, reserved 1048576K
}
Event: 0.567 GC heap before
{Heap before GC invocations=1 (full 0):
 garbage-first heap   total 131072K, used 33780K [0x0000000081400000, 0x0000000100000000)
  region size 1024K, 34 young (34816K), 2 survivors (2048K)
 Metaspace       used 3169K, capacity 5819K, committed 6016K, reserved 1056768K
  class space    used 327K, capacity 600K, committed 640K, reserved 1048576K
}
Event: 0.572 GC heap after
{Heap after GC invocations=2 (full 0):
 garbage-first heap   total 131072K, used 3058K [0x0000000081400000, 0x0000000100000000)
  region size 1024K, 3 young (3072K), 3 survivors (3072K)
 Metaspace       used 3169K, capacity 5819K, committed 6016K, reserved 1056768K
  class space    used 327K, capacity 600K, committed 640K, reserved 1048576K
}
Event: 1.134 GC heap before
{Heap before GC invocations=2 (full 0):
 garbage-first heap   total 131072K, used 77810K [0x0000000081400000, 0x0000000100000000)
  region size 1024K, 76 young (77824K), 3 survivors (3072K)
 Metaspace       used 7676K, capacity 9044K, committed 9344K, reserved 1056768K
  class space    used 917K, capacity 1083K, committed 1152K, reserved 1048576K
}
Event: 1.140 GC heap after
{Heap after GC invocations=3 (full 0):
 garbage-first heap   total 131072K, used 4471K [0x0000000081400000, 0x0000000100000000)
  region size 1024K, 5 young (5120K), 5 survivors (5120K)
 Metaspace       used 7676K, capacity 9044K, committed 9344K, reserved 1056768K
  class space    used 917K, capacity 1083K, committed 1152K, reserved 1048576K
}
Event: 1.509 GC heap before
{Heap before GC invocations=3 (full 0):
 garbage-first heap   total 131072K, used 77175K [0x0000000081400000, 0x0000000100000000)
  region size 1024K, 76 young (77824K), 5 survivors (5120K)
 Metaspace       used 13274K, capacity 13830K, committed 13952K, reserved 1060864K
  class space    used 1723K, capacity 1859K, committed 1920K, reserved 1048576K
}
Event: 1.517 GC heap after
{Heap after GC invocations=4 (full 0):
 garbage-first heap   total 131072K, used 5850K [0x0000000081400000, 0x0000000100000000)
  region size 1024K, 6 young (6144K), 6 survivors (6144K)
 Metaspace       used 13274K, capacity 13830K, committed 13952K, reserved 1060864K
  class space    used 1723K, capacity 1859K, committed 1920K, reserved 1048576K
}

Deoptimization events (20 events):
Event: 1.969 Thread 0x000002247c92b800 DEOPT PACKING pc=0x0000022464814e70 sp=0x000000631fafd920
Event: 1.970 Thread 0x000002247c92b800 DEOPT UNPACKING pc=0x0000022463e6964e sp=0x000000631fafce60 mode 0
Event: 1.973 Thread 0x000002247c92b800 DEOPT PACKING pc=0x0000022464814e70 sp=0x000000631fafd4f0
Event: 1.973 Thread 0x000002247c92b800 DEOPT UNPACKING pc=0x0000022463e6964e sp=0x000000631fafca30 mode 0
Event: 1.979 Thread 0x000002247c92b800 DEOPT PACKING pc=0x0000022464814e70 sp=0x000000631fafd920
Event: 1.979 Thread 0x000002247c92b800 DEOPT UNPACKING pc=0x0000022463e6964e sp=0x000000631fafce60 mode 0
Event: 1.988 Thread 0x000002247c92b800 DEOPT PACKING pc=0x0000022464814e70 sp=0x000000631fafd920
Event: 1.988 Thread 0x000002247c92b800 DEOPT UNPACKING pc=0x0000022463e6964e sp=0x000000631fafce60 mode 0
Event: 1.992 Thread 0x000002247c92b800 Uncommon trap: trap_request=0xffffff45 fr.pc=0x000002246ba17150 relative=0x0000000000000530
Event: 1.992 Thread 0x000002247c92b800 Uncommon trap: reason=unstable_if action=reinterpret pc=0x000002246ba17150 method=com.sun.org.apache.xerces.internal.util.SymbolTable.addSymbol([CII)Ljava/lang/String; @ 38 c2
Event: 1.992 Thread 0x000002247c92b800 DEOPT PACKING pc=0x000002246ba17150 sp=0x000000631fafd810
Event: 1.992 Thread 0x000002247c92b800 DEOPT UNPACKING pc=0x0000022463e6912f sp=0x000000631fafd788 mode 2
Event: 1.996 Thread 0x000002247c92b800 DEOPT PACKING pc=0x0000022464814e70 sp=0x000000631fafd920
Event: 1.996 Thread 0x000002247c92b800 DEOPT UNPACKING pc=0x0000022463e6964e sp=0x000000631fafce60 mode 0
Event: 2.021 Thread 0x000002247c92b800 DEOPT PACKING pc=0x0000022464814e70 sp=0x000000631fafd510
Event: 2.021 Thread 0x000002247c92b800 DEOPT UNPACKING pc=0x0000022463e6964e sp=0x000000631fafca50 mode 0
Event: 2.032 Thread 0x000002247c92b800 DEOPT PACKING pc=0x0000022464814e70 sp=0x000000631fafd7a0
Event: 2.032 Thread 0x000002247c92b800 DEOPT UNPACKING pc=0x0000022463e6964e sp=0x000000631fafcce0 mode 0
Event: 2.039 Thread 0x000002247c92b800 DEOPT PACKING pc=0x0000022464814e70 sp=0x000000631fafd920
Event: 2.039 Thread 0x000002247c92b800 DEOPT UNPACKING pc=0x0000022463e6964e sp=0x000000631fafce60 mode 0

Classes unloaded (0 events):
No events

Classes redefined (0 events):
No events

Internal exceptions (20 events):
Event: 1.570 Thread 0x000002245b669800 Exception <a 'java/lang/ClassNotFoundException'{0x0000000088d617c0}: java/lang/ObjectCustomizer> (0x0000000088d617c0) 
thrown [./open/src/hotspot/share/classfile/systemDictionary.cpp, line 226]
Event: 1.575 Thread 0x000002245b669800 Exception <a 'java/lang/IncompatibleClassChangeError'{0x0000000088d65760}: Found class java.lang.Object, but interface was expected> (0x0000000088d65760) 
thrown [./open/src/hotspot/share/interpreter/linkResolver.cpp, line 832]
Event: 1.580 Thread 0x000002245b669800 Exception <a 'java/lang/ClassNotFoundException'{0x0000000088b1eda0}: org/springframework/context/annotation/ConfigurationClassPostProcessorCustomizer> (0x0000000088b1eda0) 
thrown [./open/src/hotspot/share/classfile/systemDictionary.cpp, line 226]
Event: 1.591 Thread 0x000002245b669800 Exception <a 'java/lang/ClassNotFoundException'{0x0000000088a6ccc0}: org/springframework/beans/factory/support/BeanDefinitionRegistryPostProcessorCustomizer> (0x0000000088a6ccc0) 
thrown [./open/src/hotspot/share/classfile/systemDictionary.cpp, line 226]
Event: 1.592 Thread 0x000002245b669800 Exception <a 'java/lang/ClassNotFoundException'{0x0000000088917f90}: org/springframework/beans/factory/config/BeanFactoryPostProcessorCustomizer> (0x0000000088917f90) 
thrown [./open/src/hotspot/share/classfile/systemDictionary.cpp, line 226]
Event: 1.593 Thread 0x000002245b669800 Exception <a 'java/lang/ClassNotFoundException'{0x000000008893f1d8}: org/springframework/core/PriorityOrderedCustomizer> (0x000000008893f1d8) 
thrown [./open/src/hotspot/share/classfile/systemDictionary.cpp, line 226]
Event: 1.593 Thread 0x000002245b669800 Exception <a 'java/lang/ClassNotFoundException'{0x0000000088963c88}: org/springframework/core/OrderedCustomizer> (0x0000000088963c88) 
thrown [./open/src/hotspot/share/classfile/systemDictionary.cpp, line 226]
Event: 1.594 Thread 0x000002245b669800 Exception <a 'java/lang/ClassNotFoundException'{0x000000008898c198}: org/springframework/context/ResourceLoaderAwareCustomizer> (0x000000008898c198) 
thrown [./open/src/hotspot/share/classfile/systemDictionary.cpp, line 226]
Event: 1.594 Thread 0x000002245b669800 Exception <a 'java/lang/ClassNotFoundException'{0x00000000889b3198}: org/springframework/beans/factory/AwareCustomizer> (0x00000000889b3198) 
thrown [./open/src/hotspot/share/classfile/systemDictionary.cpp, line 226]
Event: 1.595 Thread 0x000002245b669800 Exception <a 'java/lang/ClassNotFoundException'{0x00000000889db900}: org/springframework/beans/factory/BeanClassLoaderAwareCustomizer> (0x00000000889db900) 
thrown [./open/src/hotspot/share/classfile/systemDictionary.cpp, line 226]
Event: 1.596 Thread 0x000002245b669800 Exception <a 'java/lang/ClassNotFoundException'{0x0000000088888028}: org/springframework/beans/factory/AwareCustomizer> (0x0000000088888028) 
thrown [./open/src/hotspot/share/classfile/systemDictionary.cpp, line 226]
Event: 1.596 Thread 0x000002245b669800 Exception <a 'java/lang/ClassNotFoundException'{0x00000000888aece0}: org/springframework/context/EnvironmentAwareCustomizer> (0x00000000888aece0) 
thrown [./open/src/hotspot/share/classfile/systemDictionary.cpp, line 226]
Event: 1.597 Thread 0x000002245b669800 Exception <a 'java/lang/ClassNotFoundException'{0x00000000888d5c28}: org/springframework/beans/factory/AwareCustomizer> (0x00000000888d5c28) 
thrown [./open/src/hotspot/share/classfile/systemDictionary.cpp, line 226]
Event: 1.631 Thread 0x000002245b669800 Exception <a 'java/lang/ClassNotFoundException'{0x0000000088131440}: org/springframework/boot/loader/jar/Handler> (0x0000000088131440) 
thrown [./open/src/hotspot/share/classfile/systemDictionary.cpp, line 226]
Event: 1.703 Thread 0x000002247c92b800 Exception <a 'java/lang/NoSuchMethodError'{0x0000000087427298}: 'long java.lang.invoke.DirectMethodHandle$Holder.invokeStatic(java.lang.Object, java.lang.Object)'> (0x0000000087427298) 
thrown [./open/src/hotspot/share/interpreter/linkResolver.cpp, line 766]
Event: 1.704 Thread 0x000002247c92b800 Exception <a 'java/lang/NoSuchMethodError'{0x0000000087429fa0}: 'long java.lang.invoke.DirectMethodHandle$Holder.invokeStaticInit(java.lang.Object, java.lang.Object)'> (0x0000000087429fa0) 
thrown [./open/src/hotspot/share/interpreter/linkResolver.cpp, line 766]
Event: 1.706 Thread 0x000002247c92b800 Exception <a 'java/lang/NoSuchMethodError'{0x0000000087435a68}: 'long java.lang.invoke.DirectMethodHandle$Holder.invokeInterface(java.lang.Object, java.lang.Object)'> (0x0000000087435a68) 
thrown [./open/src/hotspot/share/interpreter/linkResolver.cpp, line 766]
Event: 1.706 Thread 0x000002247c92b800 Exception <a 'java/lang/IncompatibleClassChangeError'{0x0000000087438590}: Found class java.lang.Object, but interface was expected> (0x0000000087438590) 
thrown [./open/src/hotspot/share/interpreter/linkResolver.cpp, line 832]
Event: 1.735 Thread 0x000002247c92b800 Exception <a 'java/lang/NoSuchMethodError'{0x0000000087168420}: 'java.lang.Object java.lang.invoke.DirectMethodHandle$Holder.invokeVirtual(java.lang.Object, java.lang.Object, java.lang.Object, java.lang.Object)'> (0x0000000087168420) 
thrown [./open/src/hotspot/share/interpreter/linkResolver.cpp, line 766]
Event: 1.928 Thread 0x000002245b669800 Exception <a 'java/lang/IncompatibleClassChangeError'{0x000000008578e860}: Found class java.lang.Object, but interface was expected> (0x000000008578e860) 
thrown [./open/src/hotspot/share/interpreter/linkResolver.cpp, line 832]

Events (20 events):
Event: 2.044 loading class com/sun/jmx/mbeanserver/SunJmxMBeanServer
Event: 2.044 loading class javax/management/MBeanServer
Event: 2.044 loading class javax/management/MBeanServerConnection
Event: 2.044 loading class javax/management/MBeanServerConnection done
Event: 2.044 loading class javax/management/MBeanServer done
Event: 2.045 loading class com/sun/jmx/mbeanserver/SunJmxMBeanServer done
Event: 2.045 loading class com/sun/jmx/mbeanserver/JmxMBeanServer done
Event: 2.045 loading class com/sun/jmx/mbeanserver/MBeanServerDelegateImpl
Event: 2.045 loading class javax/management/MBeanServerDelegate
Event: 2.045 loading class javax/management/MBeanServerDelegateMBean
Event: 2.045 loading class javax/management/MBeanServerDelegateMBean done
Event: 2.045 loading class javax/management/MBeanServerDelegate done
Event: 2.045 loading class com/sun/jmx/mbeanserver/MBeanServerDelegateImpl done
Event: 2.046 loading class javax/management/MBeanNotificationInfo
Event: 2.046 loading class javax/management/MBeanNotificationInfo done
Event: 2.046 loading class javax/management/MBeanInfo
Event: 2.047 loading class javax/management/MBeanInfo done
Event: 2.047 loading class com/sun/jmx/mbeanserver/Util
Event: 2.047 loading class com/sun/jmx/mbeanserver/Util done
Event: 2.047 loading class javax/management/ObjectName


Dynamic libraries:
0x00007ff66f010000 - 0x00007ff66f01f000 	D:\kaana\Documents\My PC (DESKTOP-B9557N8)\Downloads\jdk-14.0.2_windows-x64_bin\jdk-14.0.2\bin\java.exe
0x00007ffdf9350000 - 0x00007ffdf9545000 	C:\WINDOWS\SYSTEM32\ntdll.dll
0x00007ffdf9120000 - 0x00007ffdf91dd000 	C:\WINDOWS\System32\KERNEL32.DLL
0x00007ffdf6ec0000 - 0x00007ffdf7188000 	C:\WINDOWS\System32\KERNELBASE.dll
0x00007ffdf6a90000 - 0x00007ffdf6b90000 	C:\WINDOWS\System32\ucrtbase.dll
0x00007ffdedef0000 - 0x00007ffdedf05000 	D:\kaana\Documents\My PC (DESKTOP-B9557N8)\Downloads\jdk-14.0.2_windows-x64_bin\jdk-14.0.2\bin\VCRUNTIME140.dll
0x00007ffdedf10000 - 0x00007ffdedf28000 	D:\kaana\Documents\My PC (DESKTOP-B9557N8)\Downloads\jdk-14.0.2_windows-x64_bin\jdk-14.0.2\bin\jli.dll
0x00007ffdf9070000 - 0x00007ffdf911c000 	C:\WINDOWS\System32\ADVAPI32.dll
0x00007ffdf7840000 - 0x00007ffdf78de000 	C:\WINDOWS\System32\msvcrt.dll
0x00007ffdf7420000 - 0x00007ffdf74bb000 	C:\WINDOWS\System32\sechost.dll
0x00007ffdf91e0000 - 0x00007ffdf930b000 	C:\WINDOWS\System32\RPCRT4.dll
0x00007ffdf74c0000 - 0x00007ffdf7660000 	C:\WINDOWS\System32\USER32.dll
0x00007ffdf6cf0000 - 0x00007ffdf6d12000 	C:\WINDOWS\System32\win32u.dll
0x00007ffde0a10000 - 0x00007ffde0caa000 	C:\WINDOWS\WinSxS\amd64_microsoft.windows.common-controls_6595b64144ccf1df_6.0.19041.1052_none_60b8f8fd71f5e8cb\COMCTL32.dll
0x00007ffdf7810000 - 0x00007ffdf783a000 	C:\WINDOWS\System32\GDI32.dll
0x00007ffdf6d50000 - 0x00007ffdf6e5b000 	C:\WINDOWS\System32\gdi32full.dll
0x00007ffdf7270000 - 0x00007ffdf730d000 	C:\WINDOWS\System32\msvcp_win.dll
0x00007ffdf5920000 - 0x00007ffdf592a000 	C:\WINDOWS\SYSTEM32\VERSION.dll
0x00007ffdf8eb0000 - 0x00007ffdf8ee0000 	C:\WINDOWS\System32\IMM32.DLL
0x00007ffdc6280000 - 0x00007ffdc631b000 	D:\kaana\Documents\My PC (DESKTOP-B9557N8)\Downloads\jdk-14.0.2_windows-x64_bin\jdk-14.0.2\bin\msvcp140.dll
0x00007ffd864c0000 - 0x00007ffd86fde000 	D:\kaana\Documents\My PC (DESKTOP-B9557N8)\Downloads\jdk-14.0.2_windows-x64_bin\jdk-14.0.2\bin\server\jvm.dll
0x00007ffdf8fd0000 - 0x00007ffdf8fd8000 	C:\WINDOWS\System32\PSAPI.DLL
0x00007ffdde660000 - 0x00007ffdde669000 	C:\WINDOWS\SYSTEM32\WSOCK32.dll
0x00007ffdf8750000 - 0x00007ffdf87bb000 	C:\WINDOWS\System32\WS2_32.dll
0x00007ffde0cb0000 - 0x00007ffde0cd7000 	C:\WINDOWS\SYSTEM32\WINMM.dll
0x00007ffdf58e0000 - 0x00007ffdf58f2000 	C:\WINDOWS\SYSTEM32\kernel.appcore.dll
0x00007ffdf3b40000 - 0x00007ffdf3b4a000 	D:\kaana\Documents\My PC (DESKTOP-B9557N8)\Downloads\jdk-14.0.2_windows-x64_bin\jdk-14.0.2\bin\jimage.dll
0x00007ffdf44e0000 - 0x00007ffdf46c4000 	C:\WINDOWS\SYSTEM32\DBGHELP.DLL
0x00007ffde0e90000 - 0x00007ffde0ebc000 	C:\WINDOWS\SYSTEM32\dbgcore.DLL
0x00007ffdf71e0000 - 0x00007ffdf7263000 	C:\WINDOWS\System32\bcryptPrimitives.dll
0x00007ffddeee0000 - 0x00007ffddef05000 	D:\kaana\Documents\My PC (DESKTOP-B9557N8)\Downloads\jdk-14.0.2_windows-x64_bin\jdk-14.0.2\bin\java.dll
0x00007ffddeec0000 - 0x00007ffddeed6000 	D:\kaana\Documents\My PC (DESKTOP-B9557N8)\Downloads\jdk-14.0.2_windows-x64_bin\jdk-14.0.2\bin\zip.dll
0x00007ffdf7d50000 - 0x00007ffdf848f000 	C:\WINDOWS\System32\SHELL32.dll
0x00007ffdf50f0000 - 0x00007ffdf5880000 	C:\WINDOWS\SYSTEM32\windows.storage.dll
0x00007ffdf87c0000 - 0x00007ffdf8b15000 	C:\WINDOWS\System32\combase.dll
0x00007ffdf6500000 - 0x00007ffdf652c000 	C:\WINDOWS\SYSTEM32\Wldp.dll
0x00007ffdf8540000 - 0x00007ffdf85ee000 	C:\WINDOWS\System32\SHCORE.dll
0x00007ffdf85f0000 - 0x00007ffdf8645000 	C:\WINDOWS\System32\shlwapi.dll
0x00007ffdf69d0000 - 0x00007ffdf69ef000 	C:\WINDOWS\SYSTEM32\profapi.dll
0x00007ffddeea0000 - 0x00007ffddeeb9000 	D:\kaana\Documents\My PC (DESKTOP-B9557N8)\Downloads\jdk-14.0.2_windows-x64_bin\jdk-14.0.2\bin\net.dll
0x00007ffdf0e90000 - 0x00007ffdf0f9b000 	C:\WINDOWS\SYSTEM32\WINHTTP.dll
0x00007ffdf6270000 - 0x00007ffdf62da000 	C:\WINDOWS\system32\mswsock.dll
0x00007ffddee10000 - 0x00007ffddee22000 	D:\kaana\Documents\My PC (DESKTOP-B9557N8)\Downloads\jdk-14.0.2_windows-x64_bin\jdk-14.0.2\bin\nio.dll
0x00007ffdf1f10000 - 0x00007ffdf1f20000 	D:\kaana\Documents\My PC (DESKTOP-B9557N8)\Downloads\jdk-14.0.2_windows-x64_bin\jdk-14.0.2\bin\verify.dll
0x00007ffdf1f30000 - 0x00007ffdf1f39000 	D:\kaana\Documents\My PC (DESKTOP-B9557N8)\Downloads\jdk-14.0.2_windows-x64_bin\jdk-14.0.2\bin\management.dll
0x00007ffdf07c0000 - 0x00007ffdf07cb000 	D:\kaana\Documents\My PC (DESKTOP-B9557N8)\Downloads\jdk-14.0.2_windows-x64_bin\jdk-14.0.2\bin\management_ext.dll
0x00007ffdede60000 - 0x00007ffdede77000 	C:\WINDOWS\system32\napinsp.dll
0x00007ffddcf40000 - 0x00007ffddcf5b000 	C:\WINDOWS\system32\pnrpnsp.dll
0x00007ffdf0e40000 - 0x00007ffdf0e55000 	C:\WINDOWS\system32\wshbth.dll
0x00007ffdf1b20000 - 0x00007ffdf1b3d000 	C:\WINDOWS\system32\NLAapi.dll
0x00007ffdf5f10000 - 0x00007ffdf5f4b000 	C:\WINDOWS\SYSTEM32\IPHLPAPI.DLL
0x00007ffdf5f50000 - 0x00007ffdf601c000 	C:\WINDOWS\SYSTEM32\DNSAPI.dll
0x00007ffdf8ef0000 - 0x00007ffdf8ef8000 	C:\WINDOWS\System32\NSI.dll
0x00007ffddb730000 - 0x00007ffddb742000 	C:\WINDOWS\System32\winrnr.dll
0x00007ffdee230000 - 0x00007ffdee23a000 	C:\Windows\System32\rasadhlp.dll
0x00007ffde43b0000 - 0x00007ffde442f000 	C:\WINDOWS\System32\fwpuclnt.dll
0x00007ffdf6d20000 - 0x00007ffdf6d47000 	C:\WINDOWS\System32\bcrypt.dll

dbghelp: loaded successfully - version: 4.0.5 - missing functions: none
symbol engine: initialized successfully - sym options: 0x614 - pdb path: .;D:\kaana\Documents\My PC (DESKTOP-B9557N8)\Downloads\jdk-14.0.2_windows-x64_bin\jdk-14.0.2\bin;C:\WINDOWS\SYSTEM32;C:\WINDOWS\WinSxS\amd64_microsoft.windows.common-controls_6595b64144ccf1df_6.0.19041.1052_none_60b8f8fd71f5e8cb;D:\kaana\Documents\My PC (DESKTOP-B9557N8)\Downloads\jdk-14.0.2_windows-x64_bin\jdk-14.0.2\bin\server

VM Arguments:
java_command: bookstore5.jar
java_class_path (initial): bookstore5.jar
Launcher Type: SUN_STANDARD

[Global flags]
     intx CICompilerCount                          = 4                                         {product} {ergonomic}
     uint ConcGCThreads                            = 2                                         {product} {ergonomic}
     uint G1ConcRefinementThreads                  = 8                                         {product} {ergonomic}
   size_t G1HeapRegionSize                         = 1048576                                   {product} {ergonomic}
    uintx GCDrainStackTargetSize                   = 64                                        {product} {ergonomic}
   size_t InitialHeapSize                          = 134217728                                 {product} {ergonomic}
   size_t MarkStackSize                            = 4194304                                   {product} {ergonomic}
   size_t MaxHeapSize                              = 2126512128                                {product} {ergonomic}
   size_t MaxNewSize                               = 1275068416                                {product} {ergonomic}
   size_t MinHeapDeltaBytes                        = 1048576                                   {product} {ergonomic}
   size_t MinHeapSize                              = 8388608                                   {product} {ergonomic}
    uintx NonNMethodCodeHeapSize                   = 5839372                                {pd product} {ergonomic}
    uintx NonProfiledCodeHeapSize                  = 122909434                              {pd product} {ergonomic}
    uintx ProfiledCodeHeapSize                     = 122909434                              {pd product} {ergonomic}
    uintx ReservedCodeCacheSize                    = 251658240                              {pd product} {ergonomic}
     bool SegmentedCodeCache                       = true                                      {product} {ergonomic}
   size_t SoftMaxHeapSize                          = 2126512128                             {manageable} {ergonomic}
     bool UseCompressedClassPointers               = true                                 {lp64_product} {ergonomic}
     bool UseCompressedOops                        = true                                 {lp64_product} {ergonomic}
     bool UseG1GC                                  = true                                      {product} {ergonomic}
     bool UseLargePagesIndividualAllocation        = false                                  {pd product} {ergonomic}

Logging:
Log output configuration:
 #0: stdout all=warning uptime,level,tags
 #1: stderr all=off uptime,level,tags

Environment Variables:
CLASSPATH=%CLASSPATH%;#JUNIT_HOME%\junit-4.13.2.jar,.;
PATH=C:\WINDOWS\system32;C:\WINDOWS;C:\WINDOWS\System32\Wbem;C:\WINDOWS\System32\WindowsPowerShell\v1.0\;C:\WINDOWS\System32\OpenSSH\;C:\Program Files\Git\cmd;D:\kaana\Documents\My PC (DESKTOP-B9557N8)\Downloads\jdk-14.0.2_windows-x64_bin\jdk-14.0.2\bin;C:\Program Files\nodejs\;D:\Program Files\erl10.3\bin;C:\Program Files (x86)\Elixir\bin;C:\Users\kaana\.mix\escripts;C:\Program Files\apache-maven-3.8.1\bin;C:\Users\kaana\AppData\Local\Microsoft\WindowsApps;C:\Program Files\Java\jre1.8.0_261\bin;;D:\kaana\Microsoft VS Code\bin;C:\Users\kaana\AppData\Roaming\npm
USERNAME=kaana
OS=Windows_NT
PROCESSOR_IDENTIFIER=Intel64 Family 6 Model 142 Stepping 10, GenuineIntel



---------------  S Y S T E M  ---------------

OS: Windows 10 , 64 bit Build 19041 (10.0.19041.1023)
OS uptime: 2 days 3:21 hours

CPU:total 8 (initial active 8) (4 cores per cpu, 2 threads per core) family 6 model 142 stepping 10, cmov, cx8, fxsr, mmx, sse, sse2, sse3, ssse3, sse4.1, sse4.2, popcnt, avx, avx2, aes, clmul, erms, rtm, 3dnowpref, lzcnt, ht, tsc, tscinvbit, bmi1, bmi2, adx, fma

Memory: 4k page, system-wide physical 8109M (1215M free)
TotalPageFile size 16389M (AvailPageFile size 1M)
current process WorkingSet (physical memory assigned to process): 206M, peak: 206M
current process commit charge ("private bytes"): 297M, peak: 298M

vm_info: Java HotSpot(TM) 64-Bit Server VM (14.0.2+12-46) for windows-amd64 JRE (14.0.2+12-46), built on Jul  9 2020 00:35:52 by "mach5one" with MS VC++ 15.9 (VS2017)

END.
